<?xml version="1.0" encoding="UTF-8"?>
<testng-results skipped="0" failed="0" ignored="6" total="7" passed="1">
  <reporter-output>
  </reporter-output>
  <suite name="Suite" duration-ms="21500" started-at="2022-05-05T07:48:51 IST" finished-at="2022-05-05T07:49:12 IST">
    <groups>
      <group name="Smoke">
        <method signature="LoginPageTest.LoginTest()[pri:0, instance:com.payroll.testcases.LoginPageTest@12c8a2c0]" name="LoginTest" class="com.payroll.testcases.LoginPageTest"/>
      </group> <!-- Smoke -->
    </groups>
    <test name="Test" duration-ms="21500" started-at="2022-05-05T07:48:51 IST" finished-at="2022-05-05T07:49:12 IST">
      <class name="com.payroll.testcases.HomePageTest">
        <test-method status="PASS" signature="BeforeSuiteLog()[pri:0, instance:com.payroll.testcases.HomePageTest@289d1c02]" name="BeforeSuiteLog" is-config="true" duration-ms="203" started-at="2022-05-05T07:48:51 IST" finished-at="2022-05-05T07:48:51 IST">
          <reporter-output>
          </reporter-output>
        </test-method> <!-- BeforeSuiteLog -->
        <test-method status="PASS" signature="loadConfig()[pri:0, instance:com.payroll.testcases.HomePageTest@289d1c02]" name="loadConfig" is-config="true" duration-ms="1" started-at="2022-05-05T07:48:51 IST" finished-at="2022-05-05T07:48:51 IST">
          <reporter-output>
          </reporter-output>
        </test-method> <!-- loadConfig -->
        <test-method status="PASS" signature="End()[pri:0, instance:com.payroll.testcases.HomePageTest@289d1c02]" name="End" is-config="true" duration-ms="3" started-at="2022-05-05T07:49:12 IST" finished-at="2022-05-05T07:49:12 IST">
          <reporter-output>
          </reporter-output>
        </test-method> <!-- End -->
        <test-method status="PASS" signature="aftersuite()[pri:0, instance:com.payroll.testcases.HomePageTest@289d1c02]" name="aftersuite" is-config="true" duration-ms="706" started-at="2022-05-05T07:49:12 IST" finished-at="2022-05-05T07:49:13 IST">
          <reporter-output>
          </reporter-output>
        </test-method> <!-- aftersuite -->
      </class> <!-- com.payroll.testcases.HomePageTest -->
      <class name="com.payroll.testcases.LoginPageTest">
        <test-method status="PASS" signature="setup()[pri:0, instance:com.payroll.testcases.LoginPageTest@12c8a2c0]" name="setup" is-config="true" duration-ms="11097" started-at="2022-05-05T07:48:51 IST" finished-at="2022-05-05T07:49:02 IST">
          <reporter-output>
          </reporter-output>
        </test-method> <!-- setup -->
        <test-method status="PASS" signature="LoginTest()[pri:0, instance:com.payroll.testcases.LoginPageTest@12c8a2c0]" name="LoginTest" duration-ms="9567" started-at="2022-05-05T07:49:02 IST" finished-at="2022-05-05T07:49:12 IST">
          <reporter-output>
          </reporter-output>
        </test-method> <!-- LoginTest -->
        <test-method status="PASS" signature="tearDown()[pri:0, instance:com.payroll.testcases.LoginPageTest@12c8a2c0]" name="tearDown" is-config="true" duration-ms="788" started-at="2022-05-05T07:49:12 IST" finished-at="2022-05-05T07:49:12 IST">
          <reporter-output>
          </reporter-output>
        </test-method> <!-- tearDown -->
      </class> <!-- com.payroll.testcases.LoginPageTest -->
    </test> <!-- Test -->
  </suite> <!-- Suite -->
</testng-results>
