<?xml version="1.0" encoding="UTF-8"?>
<testsuite xmlns:xsi="http://www.w3.org/2001/XMLSchema-instance" xsi:noNamespaceSchemaLocation="https://maven.apache.org/surefire/maven-surefire-plugin/xsd/surefire-test-report-3.0.xsd" version="3.0" name="TestSuite" time="23.36" tests="1" errors="0" skipped="0" failures="0">
  <properties>
[...]
</properties>
  <testcase name="LoginTest" classname="com.payroll.testcases.LoginPageTest" time="9.583">
    <system-out><![CDATA[log4j: reset attribute= "false".
log4j: Threshold ="null".
log4j: Level value for root is  [debug].
log4j: root level set to DEBUG
log4j: Class name: [org.apache.log4j.ConsoleAppender]
log4j: Setting property [target] to [System.out].
log4j: Parsing layout of class: "org.apache.log4j.PatternLayout"
log4j: Setting property [conversionPattern] to [%d{yyyy-MM-dd HH:mm:ss} %-5p %c{1}:%L - %m%n].
log4j: Adding appender named [console] to category [root].
log4j: Class name: [org.apache.log4j.RollingFileAppender]
log4j: Setting property [file] to [Logs/log4j.log].
log4j: Parsing layout of class: "org.apache.log4j.PatternLayout"
log4j: Setting property [conversionPattern] to [%d{yyyy-MM-dd HH:mm:ss} %-5p %c{1}:%L - %m%n].
log4j: setFile called: Logs/log4j.log, true
log4j: setFile ended
log4j: Adding appender named [fileAppender] to category [root].
2022-05-05 07:48:55 DEBUG InternalLoggerFactory:89 - Using Log4J as the default logging framework
2022-05-05 07:48:55 DEBUG ResourceLeakDetector:129 - -Dio.netty.leakDetection.level: simple
2022-05-05 07:48:55 DEBUG ResourceLeakDetector:130 - -Dio.netty.leakDetection.targetRecords: 4
2022-05-05 07:48:55 DEBUG ResourceLeakDetectorFactory:196 - Loaded default ResourceLeakDetector: io.netty.util.ResourceLeakDetector@604f2bd2
2022-05-05 07:48:55 DEBUG PlatformDependent0:460 - -Dio.netty.noUnsafe: false
2022-05-05 07:48:55 DEBUG PlatformDependent0:954 - Java version: 8
2022-05-05 07:48:55 DEBUG PlatformDependent0:135 - sun.misc.Unsafe.theUnsafe: available
2022-05-05 07:48:55 DEBUG PlatformDependent0:159 - sun.misc.Unsafe.copyMemory: available
2022-05-05 07:48:55 DEBUG PlatformDependent0:202 - java.nio.Buffer.address: available
2022-05-05 07:48:55 DEBUG PlatformDependent0:272 - direct buffer constructor: available
2022-05-05 07:48:55 DEBUG PlatformDependent0:350 - java.nio.Bits.unaligned: available, true
2022-05-05 07:48:55 DEBUG PlatformDependent0:424 - jdk.internal.misc.Unsafe.allocateUninitializedArray(int): unavailable prior to Java9
2022-05-05 07:48:55 DEBUG PlatformDependent0:446 - java.nio.DirectByteBuffer.<init>(long, int): available
2022-05-05 07:48:55 DEBUG PlatformDependent:1116 - sun.misc.Unsafe: available
2022-05-05 07:48:55 DEBUG PlatformDependent:1237 - -Dio.netty.tmpdir: C:\Users\Nithin\AppData\Local\Temp (java.io.tmpdir)
2022-05-05 07:48:55 DEBUG PlatformDependent:1316 - -Dio.netty.bitMode: 64 (sun.arch.data.model)
2022-05-05 07:48:55 DEBUG PlatformDependent:1076 - Platform: Windows
2022-05-05 07:48:55 DEBUG PlatformDependent:178 - -Dio.netty.maxDirectMemory: 1875378176 bytes
2022-05-05 07:48:55 DEBUG PlatformDependent:185 - -Dio.netty.uninitializedArrayAllocationThreshold: -1
2022-05-05 07:48:55 DEBUG CleanerJava6:92 - java.nio.ByteBuffer.cleaner(): available
2022-05-05 07:48:55 DEBUG PlatformDependent:205 - -Dio.netty.noPreferDirect: false
2022-05-05 07:48:55 DEBUG PlatformDependent:967 - org.jctools-core.MpscChunkedArrayQueue: available
2022-05-05 07:48:55 DEBUG InternalThreadLocalMap:86 - -Dio.netty.threadLocalMap.stringBuilder.initialSize: 1024
2022-05-05 07:48:55 DEBUG InternalThreadLocalMap:89 - -Dio.netty.threadLocalMap.stringBuilder.maxSize: 4096
2022-05-05 07:48:55 DEBUG JdkSslContext:97 - Default protocols (JDK): [TLSv1.2, TLSv1.1, TLSv1] 
2022-05-05 07:48:55 DEBUG JdkSslContext:98 - Default cipher suites (JDK): [TLS_ECDHE_ECDSA_WITH_AES_256_GCM_SHA384, TLS_ECDHE_ECDSA_WITH_AES_128_GCM_SHA256, TLS_ECDHE_RSA_WITH_AES_128_GCM_SHA256, TLS_ECDHE_RSA_WITH_AES_256_GCM_SHA384, TLS_ECDHE_RSA_WITH_AES_128_CBC_SHA, TLS_ECDHE_RSA_WITH_AES_256_CBC_SHA, TLS_RSA_WITH_AES_128_GCM_SHA256, TLS_RSA_WITH_AES_128_CBC_SHA, TLS_RSA_WITH_AES_256_CBC_SHA]
2022-05-05 07:48:55 DEBUG MultithreadEventLoopGroup:44 - -Dio.netty.eventLoopThreads: 16
2022-05-05 07:48:55 DEBUG NioEventLoop:109 - -Dio.netty.noKeySetOptimization: false
2022-05-05 07:48:55 DEBUG NioEventLoop:110 - -Dio.netty.selectorAutoRebuildThreshold: 512
2022-05-05 07:48:55 DEBUG PooledByteBufAllocator:155 - -Dio.netty.allocator.numHeapArenas: 16
2022-05-05 07:48:55 DEBUG PooledByteBufAllocator:156 - -Dio.netty.allocator.numDirectArenas: 16
2022-05-05 07:48:55 DEBUG PooledByteBufAllocator:158 - -Dio.netty.allocator.pageSize: 8192
2022-05-05 07:48:55 DEBUG PooledByteBufAllocator:163 - -Dio.netty.allocator.maxOrder: 11
2022-05-05 07:48:55 DEBUG PooledByteBufAllocator:167 - -Dio.netty.allocator.chunkSize: 16777216
2022-05-05 07:48:55 DEBUG PooledByteBufAllocator:168 - -Dio.netty.allocator.smallCacheSize: 256
2022-05-05 07:48:55 DEBUG PooledByteBufAllocator:169 - -Dio.netty.allocator.normalCacheSize: 64
2022-05-05 07:48:55 DEBUG PooledByteBufAllocator:170 - -Dio.netty.allocator.maxCachedBufferCapacity: 32768
2022-05-05 07:48:55 DEBUG PooledByteBufAllocator:171 - -Dio.netty.allocator.cacheTrimInterval: 8192
2022-05-05 07:48:55 DEBUG PooledByteBufAllocator:172 - -Dio.netty.allocator.cacheTrimIntervalMillis: 0
2022-05-05 07:48:55 DEBUG PooledByteBufAllocator:173 - -Dio.netty.allocator.useCacheForAllThreads: true
2022-05-05 07:48:55 DEBUG PooledByteBufAllocator:174 - -Dio.netty.allocator.maxCachedByteBuffersPerChunk: 1023
2022-05-05 07:48:55 DEBUG ByteBufUtil:87 - -Dio.netty.allocator.type: pooled
2022-05-05 07:48:55 DEBUG ByteBufUtil:96 - -Dio.netty.threadLocalDirectBufferSize: 0
2022-05-05 07:48:55 DEBUG ByteBufUtil:99 - -Dio.netty.maxThreadLocalCharBufferSize: 16384
2022-05-05 07:48:57 DEBUG DefaultChannelId:79 - -Dio.netty.processId: 1440 (auto-detected)
2022-05-05 07:48:57 DEBUG NetUtil:135 - -Djava.net.preferIPv4Stack: false
2022-05-05 07:48:57 DEBUG NetUtil:136 - -Djava.net.preferIPv6Addresses: false
2022-05-05 07:48:57 DEBUG NetUtilInitializations:129 - Loopback interface: lo (Software Loopback Interface 1, 127.0.0.1)
2022-05-05 07:48:57 DEBUG NetUtil:187 - Failed to get SOMAXCONN from sysctl and file \proc\sys\net\core\somaxconn. Default: 200
2022-05-05 07:48:57 DEBUG DefaultChannelId:101 - -Dio.netty.machineId: 80:91:33:ff:fe:67:4a:81 (auto-detected)
2022-05-05 07:48:57 DEBUG AbstractByteBuf:63 - -Dio.netty.buffer.checkAccessible: true
2022-05-05 07:48:57 DEBUG AbstractByteBuf:64 - -Dio.netty.buffer.checkBounds: true
2022-05-05 07:48:57 DEBUG ResourceLeakDetectorFactory:196 - Loaded default ResourceLeakDetector: io.netty.util.ResourceLeakDetector@42adbfcd
2022-05-05 07:48:57 DEBUG Recycler:85 - -Dio.netty.recycler.maxCapacityPerThread: 4096
2022-05-05 07:48:57 DEBUG Recycler:86 - -Dio.netty.recycler.ratio: 8
2022-05-05 07:48:57 DEBUG Recycler:87 - -Dio.netty.recycler.chunkSize: 32
2022-05-05 07:48:57 DEBUG Recycler:88 - -Dio.netty.recycler.blocking: false
2022-05-05 07:48:58 DEBUG Brotli:38 - brotli4j not in the classpath; Brotli support will be unavailable.
2022-05-05 07:48:58 DEBUG ThreadLocalRandom:214 - -Dio.netty.initialSeedUniquifier: 0xd8e2733c8606128b
2022-05-05 07:49:02 INFO  Log:11 - =====================================Login to Payroll TEST START=========================================
2022-05-05 07:49:02 INFO  Log:22 - Going to enter username and password
Successfully entered value
Successfully entered value
2022-05-05 07:49:12 INFO  Log:15 - =====================================Login Successfull TEST END=========================================
]]></system-out>
    <system-err><![CDATA[SLF4J: Failed to load class "org.slf4j.impl.StaticLoggerBinder".
SLF4J: Defaulting to no-operation (NOP) logger implementation
SLF4J: See http://www.slf4j.org/codes.html#StaticLoggerBinder for further details.
Starting ChromeDriver 101.0.4951.41 (93c720db8323b3ec10d056025ab95c23a31997c9-refs/branch-heads/4951@{#904}) on port 60726
Only local connections are allowed.
Please see https://chromedriver.chromium.org/security-considerations for suggestions on keeping ChromeDriver safe.
ChromeDriver was started successfully.
May 05, 2022 7:48:58 AM org.openqa.selenium.remote.ProtocolHandshake createSession
INFO: Detected dialect: W3C
May 05, 2022 7:48:58 AM org.openqa.selenium.devtools.CdpVersionFinder findNearestMatch
WARNING: Unable to find an exact match for CDP version 101, so returning the closest version found: 97
May 05, 2022 7:48:58 AM org.openqa.selenium.devtools.CdpVersionFinder findNearestMatch
INFO: Found CDP implementation for version 101 of 97
]]></system-err>
  </testcase>
</testsuite>