<?xml version="1.0" encoding="UTF-8"?>
<!-- Generated by org.testng.reporters.JUnitXMLReporter -->
<testsuite ignored="0" hostname="JarvisLaptop" failures="0" tests="3" name="Chrome" time="30.49" errors="0" timestamp="2022-05-06T18:30:01 IST">
  <testcase classname="com.payroll.testcases.LoginPageTest" name="LoginTest" time="9.359"/>
  <testcase classname="com.payroll.testcases.LoginPageTest" name="loginInvalid" time="0.853"/>
  <testcase classname="com.payroll.testcases.LoginPageTest" name="loginInvalid" time="1.442"/>
</testsuite> <!-- Chrome -->
