<?xml version="1.0" encoding="UTF-8"?>
<!-- Generated by org.testng.reporters.JUnitXMLReporter -->
<testsuite hostname="JarvisLaptop" ignored="6" name="Test" tests="1" failures="0" timestamp="2022-05-05T07:49:12 IST" time="21.5" errors="0">
  <testcase name="LoginTest" time="9.567" classname="com.payroll.testcases.LoginPageTest"/>
  <testcase name="@BeforeSuite BeforeSuiteLog" time="0.0" classname="com.payroll.baseclass.baseclass">
    <ignored/>
  </testcase> <!-- @BeforeSuite BeforeSuiteLog -->
  <testcase name="@AfterTest End" time="0.0" classname="com.payroll.baseclass.baseclass">
    <ignored/>
  </testcase> <!-- @AfterTest End -->
  <testcase name="verifyHomePage" time="0.0" classname="com.payroll.testcases.HomePageTest">
    <ignored/>
  </testcase> <!-- verifyHomePage -->
  <testcase name="@AfterSuite aftersuite" time="0.0" classname="com.payroll.baseclass.baseclass">
    <ignored/>
  </testcase> <!-- @AfterSuite aftersuite -->
  <testcase name="loginInvalid" time="0.0" classname="com.payroll.testcases.LoginPageTest">
    <ignored/>
  </testcase> <!-- loginInvalid -->
  <testcase name="@BeforeTest loadConfig" time="0.0" classname="com.payroll.baseclass.baseclass">
    <ignored/>
  </testcase> <!-- @BeforeTest loadConfig -->
</testsuite> <!-- Test -->
