<?xml version="1.0" encoding="UTF-8"?>
<!-- Generated by org.testng.reporters.JUnitXMLReporter -->
<testsuite ignored="0" hostname="JarvisLaptop" failures="0" tests="3" name="ExcecutingInChrome" time="24.675" errors="0" timestamp="2022-05-06T19:52:28 IST">
  <testcase classname="com.payroll.testcases.LoginPageTest" name="LoginTest" time="9.5"/>
  <testcase classname="com.payroll.testcases.LoginPageTest" name="loginInvalid" time="1.028"/>
  <testcase classname="com.payroll.testcases.LoginPageTest" name="loginInvalid" time="1.615"/>
</testsuite> <!-- ExcecutingInChrome -->
