<?xml version="1.0" encoding="UTF-8"?>
<!-- Generated by org.testng.reporters.JUnitXMLReporter -->
<testsuite ignored="0" hostname="JarvisLaptop" failures="0" tests="3" name="Test2" time="24.193" errors="0" timestamp="2022-05-06T18:32:30 IST">
  <testcase classname="com.payroll.testcases.LoginPageTest" name="LoginTest" time="9.505"/>
  <testcase classname="com.payroll.testcases.LoginPageTest" name="loginInvalid" time="0.972"/>
  <testcase classname="com.payroll.testcases.LoginPageTest" name="loginInvalid" time="1.655"/>
</testsuite> <!-- Test2 -->
