<?xml version="1.0" encoding="UTF-8"?>
<!-- Generated by org.testng.reporters.JUnitXMLReporter -->
<testsuite ignored="4" hostname="JarvisLaptop" failures="0" tests="4" name="Test" time="24.793" errors="0" timestamp="2022-05-06T19:54:01 IST">
  <testcase classname="com.payroll.baseclass.baseclass" name="@AfterTest End" time="0.0">
    <failure type="java.lang.NullPointerException" message="Cannot invoke &amp;quot;org.openqa.selenium.remote.RemoteWebDriver.quit()&amp;quot; because the return value of &amp;quot;java.lang.ThreadLocal.get()&amp;quot; is null">
      <![CDATA[java.lang.NullPointerException: Cannot invoke "org.openqa.selenium.remote.RemoteWebDriver.quit()" because the return value of "java.lang.ThreadLocal.get()" is null
at com.payroll.baseclass.baseclass.End(baseclass.java:83)
... Removed 24 stack frames]]>
    </failure>
  </testcase> <!-- @AfterTest End -->
  <testcase classname="com.payroll.testcases.HomePageTest" name="verifyHomePage" time="5.577"/>
  <testcase classname="com.payroll.testcases.LoginPageTest" name="LoginTest" time="9.486"/>
  <testcase classname="com.payroll.testcases.LoginPageTest" name="loginInvalid" time="1.02"/>
  <testcase classname="com.payroll.testcases.LoginPageTest" name="loginInvalid" time="1.605"/>
  <testcase classname="com.payroll.baseclass.baseclass" name="@AfterTest End" time="0.0">
    <ignored/>
  </testcase> <!-- @AfterTest End -->
  <testcase classname="com.payroll.baseclass.baseclass" name="@BeforeSuite BeforeSuiteLog" time="0.0">
    <ignored/>
  </testcase> <!-- @BeforeSuite BeforeSuiteLog -->
  <testcase classname="com.payroll.baseclass.baseclass" name="@BeforeTest loadConfig" time="0.0">
    <ignored/>
  </testcase> <!-- @BeforeTest loadConfig -->
  <testcase classname="com.payroll.baseclass.baseclass" name="@AfterSuite aftersuite" time="0.0">
    <ignored/>
  </testcase> <!-- @AfterSuite aftersuite -->
</testsuite> <!-- Test -->
